SAVING HOTEL LIST: `'tennessee'` , `http://www.betterbidding.com/index.php?showtopic=212&`
SAVING HOTEL LIST: `'south dakota'` , `http://www.betterbidding.com/index.php?showtopic=37179&`
SAVING HOTEL LIST: `'pennsylvania'` , `http://www.betterbidding.com/index.php?showtopic=96&`
SAVING HOTEL LIST: `'alabama','alaska','arizona','arkansas'` , `http://www.betterbidding.com/index.php?showtopic=331&`
SAVING HOTEL LIST: `'oklahoma','oregon'` , `http://www.betterbidding.com/index.php?showtopic=95&`
SAVING HOTEL LIST: `'rhode island'` , `http://www.betterbidding.com/index.php?showtopic=411&`
SAVING HOTEL LIST: `'missouri'` , `http://www.betterbidding.com/index.php?showtopic=125&`
SAVING HOTEL LIST: `'montana','nebraska','new hampshire','new mexico'` , `http://www.betterbidding.com/index.php?showtopic=667&`
SAVING HOTEL LIST: `'north carolina'` , `http://www.betterbidding.com/index.php?showtopic=94&`
SAVING HOTEL LIST: `'south carolina'` , `http://www.betterbidding.com/index.php?showtopic=245&`
SAVING HOTEL LIST: `'ohio'` , `http://www.betterbidding.com/index.php?showtopic=580&`
SAVING HOTEL LIST: `'new york'` , `http://www.betterbidding.com/index.php?showtopic=93&`
SAVING HOTEL LIST: `'west virginia','wisconsin','wyoming'` , `http://www.betterbidding.com/index.php?showtopic=219&`
SAVING HOTEL LIST: `'nevada'` , `http://www.betterbidding.com/index.php?showtopic=85&`
SAVING HOTEL LIST: `'mississippi'` , `http://www.betterbidding.com/index.php?showtopic=14073&`
SAVING HOTEL LIST: `'north dakota'` , `http://www.betterbidding.com/index.php?showtopic=4750&`
SAVING HOTEL LIST: `'new jersey'` , `http://www.betterbidding.com/index.php?showtopic=231&`
SAVING HOTEL LIST: `'texas'` , `http://www.betterbidding.com/index.php?showtopic=546&`
SAVING HOTEL LIST: `'washington'` , `http://www.betterbidding.com/index.php?showtopic=114&`
SAVING HOTEL LIST: `'washington'` , `http://www.betterbidding.com/index.php?showtopic=114&`
SAVING HOTEL LIST: `'washington'` , `http://www.betterbidding.com/index.php?showtopic=114&`
SAVING HOTEL LIST: `'washington'` , `http://www.betterbidding.com/index.php?showtopic=114&`
SAVING HOTEL LIST: `'washington'` , `http://www.betterbidding.com/index.php?showtopic=114&`
SAVING HOTEL LIST: `'washington'` , `http://www.betterbidding.com/index.php?showtopic=114&`
SAVING HOTEL LIST: `'DC'` , `http://www.betterbidding.com/index.php?showtopic=157&`
SAVING HOTEL LIST: `'virginia'` , `http://www.betterbidding.com/index.php?showtopic=296&`
SAVING HOTEL LIST: `'maine'` , `http://www.betterbidding.com/index.php?showtopic=861&`
SAVING HOTEL LIST: `'maryland'` , `http://www.betterbidding.com/index.php?showtopic=156&`
SAVING HOTEL LIST: `'minnesota'` , `http://www.betterbidding.com/index.php?showtopic=83&`
SAVING HOTEL LIST: `'illinois'` , `http://www.betterbidding.com/index.php?showtopic=159&`
SAVING HOTEL LIST: `'kansas'` , `http://www.betterbidding.com/index.php?showtopic=181&`
SAVING HOTEL LIST: `'utah','vermont'` , `http://www.betterbidding.com/index.php?showtopic=124&`
SAVING HOTEL LIST: `'kentucky'` , `http://www.betterbidding.com/index.php?showtopic=599&`
SAVING HOTEL LIST: `'hawaii'` , `http://www.betterbidding.com/index.php?showtopic=427&`
SAVING HOTEL LIST: `'florida'` , `http://www.betterbidding.com/index.php?showtopic=78&`
SAVING HOTEL LIST: `'florida'` , `http://www.betterbidding.com/index.php?showtopic=78&`
SAVING HOTEL LIST: `'florida'` , `http://www.betterbidding.com/index.php?showtopic=78&`
SAVING HOTEL LIST: `'idaho','indiana','iowa'` , `http://www.betterbidding.com/index.php?showtopic=963&`
SAVING HOTEL LIST: `'massachusetts'` , `http://www.betterbidding.com/index.php?showtopic=82&`
SAVING HOTEL LIST: `'georgia'` , `http://www.betterbidding.com/index.php?showtopic=79&`
SAVING HOTEL LIST: `'delaware'` , `http://www.betterbidding.com/index.php?showtopic=295&`
SAVING HOTEL LIST: `'louisiana'` , `http://www.betterbidding.com/index.php?showtopic=227&`
SAVING HOTEL LIST: `'connecticut'` , `http://www.betterbidding.com/index.php?showtopic=155&`
SAVING HOTEL LIST: `'michigan'` , `http://www.betterbidding.com/index.php?showtopic=330&`
SAVING HOTEL LIST: `'colorado'` , `http://www.betterbidding.com/index.php?showtopic=444&`
SAVING HOTEL LIST: `'california'` , `http://www.betterbidding.com/index.php?showtopic=65&`
SAVING HOTEL LIST: `'california'` , `http://www.betterbidding.com/index.php?showtopic=65&`
SAVING HOTEL LIST: `'oklahoma','oregon'` , `http://www.betterbidding.com/index.php?showtopic=95&`
SAVING HOTEL LIST: `'tennessee'` , `http://www.betterbidding.com/index.php?showtopic=212&`
SAVING HOTEL LIST: `'pennsylvania'` , `http://www.betterbidding.com/index.php?showtopic=96&`
SAVING HOTEL LIST: `'south carolina'` , `http://www.betterbidding.com/index.php?showtopic=245&`
SAVING HOTEL LIST: `'rhode island'` , `http://www.betterbidding.com/index.php?showtopic=411&`
SAVING HOTEL LIST: `'new jersey'` , `http://www.betterbidding.com/index.php?showtopic=231&`
SAVING HOTEL LIST: `'ohio'` , `http://www.betterbidding.com/index.php?showtopic=580&`
SAVING HOTEL LIST: `'new york'` , `http://www.betterbidding.com/index.php?showtopic=93&`
SAVING HOTEL LIST: `'south dakota'` , `http://www.betterbidding.com/index.php?showtopic=37179&`
SAVING HOTEL LIST: `'missouri'` , `http://www.betterbidding.com/index.php?showtopic=125&`
SAVING HOTEL LIST: `'nevada'` , `http://www.betterbidding.com/index.php?showtopic=85&`
SAVING HOTEL LIST: `'montana','nebraska','new hampshire','new mexico'` , `http://www.betterbidding.com/index.php?showtopic=667&`
SAVING HOTEL LIST: `'mississippi'` , `http://www.betterbidding.com/index.php?showtopic=14073&`
SAVING HOTEL LIST: `'north dakota'` , `http://www.betterbidding.com/index.php?showtopic=4750&`
SAVING HOTEL LIST: `'west virginia','wisconsin','wyoming'` , `http://www.betterbidding.com/index.php?showtopic=219&`
SAVING HOTEL LIST: `'north carolina'` , `http://www.betterbidding.com/index.php?showtopic=94&`
SAVING HOTEL LIST: `'alabama','alaska','arizona','arkansas'` , `http://www.betterbidding.com/index.php?showtopic=331&`
SAVING HOTEL LIST: `'texas'` , `http://www.betterbidding.com/index.php?showtopic=546&`
SAVING HOTEL LIST: `'DC'` , `http://www.betterbidding.com/index.php?showtopic=157&`
SAVING HOTEL LIST: `'washington'` , `http://www.betterbidding.com/index.php?showtopic=114&`
SAVING HOTEL LIST: `'washington'` , `http://www.betterbidding.com/index.php?showtopic=114&`
SAVING HOTEL LIST: `'washington'` , `http://www.betterbidding.com/index.php?showtopic=114&`
SAVING HOTEL LIST: `'washington'` , `http://www.betterbidding.com/index.php?showtopic=114&`
SAVING HOTEL LIST: `'washington'` , `http://www.betterbidding.com/index.php?showtopic=114&`
SAVING HOTEL LIST: `'washington'` , `http://www.betterbidding.com/index.php?showtopic=114&`
SAVING HOTEL LIST: `'virginia'` , `http://www.betterbidding.com/index.php?showtopic=296&`
SAVING HOTEL LIST: `'michigan'` , `http://www.betterbidding.com/index.php?showtopic=330&`
SAVING HOTEL LIST: `'utah','vermont'` , `http://www.betterbidding.com/index.php?showtopic=124&`
SAVING HOTEL LIST: `'massachusetts'` , `http://www.betterbidding.com/index.php?showtopic=82&`
SAVING HOTEL LIST: `'kentucky'` , `http://www.betterbidding.com/index.php?showtopic=599&`
SAVING HOTEL LIST: `'louisiana'` , `http://www.betterbidding.com/index.php?showtopic=227&`
SAVING HOTEL LIST: `'minnesota'` , `http://www.betterbidding.com/index.php?showtopic=83&`
SAVING HOTEL LIST: `'maryland'` , `http://www.betterbidding.com/index.php?showtopic=156&`
SAVING HOTEL LIST: `'maine'` , `http://www.betterbidding.com/index.php?showtopic=861&`
SAVING HOTEL LIST: `'idaho','indiana','iowa'` , `http://www.betterbidding.com/index.php?showtopic=963&`
SAVING HOTEL LIST: `'connecticut'` , `http://www.betterbidding.com/index.php?showtopic=155&`
SAVING HOTEL LIST: `'georgia'` , `http://www.betterbidding.com/index.php?showtopic=79&`
SAVING HOTEL LIST: `'kansas'` , `http://www.betterbidding.com/index.php?showtopic=181&`
SAVING HOTEL LIST: `'hawaii'` , `http://www.betterbidding.com/index.php?showtopic=427&`
SAVING HOTEL LIST: `'delaware'` , `http://www.betterbidding.com/index.php?showtopic=295&`
SAVING HOTEL LIST: `'florida'` , `http://www.betterbidding.com/index.php?showtopic=78&`
SAVING HOTEL LIST: `'florida'` , `http://www.betterbidding.com/index.php?showtopic=78&`
SAVING HOTEL LIST: `'florida'` , `http://www.betterbidding.com/index.php?showtopic=78&`
SAVING HOTEL LIST: `'illinois'` , `http://www.betterbidding.com/index.php?showtopic=159&`
SAVING HOTEL LIST: `'california'` , `http://www.betterbidding.com/index.php?showtopic=65&`
SAVING HOTEL LIST: `'california'` , `http://www.betterbidding.com/index.php?showtopic=65&`
SAVING HOTEL LIST: `'colorado'` , `http://www.betterbidding.com/index.php?showtopic=444&`
SAVING HOTEL LIST: `'south dakota'` , `http://www.betterbidding.com/index.php?showtopic=37179&`
SAVING HOTEL LIST: `'alabama','alaska','arizona','arkansas'` , `http://www.betterbidding.com/index.php?showtopic=331&`
SAVING HOTEL LIST: `'south carolina'` , `http://www.betterbidding.com/index.php?showtopic=245&`
SAVING HOTEL LIST: `'oklahoma','oregon'` , `http://www.betterbidding.com/index.php?showtopic=95&`
SAVING HOTEL LIST: `'missouri'` , `http://www.betterbidding.com/index.php?showtopic=125&`
SAVING HOTEL LIST: `'new york'` , `http://www.betterbidding.com/index.php?showtopic=93&`
SAVING HOTEL LIST: `'alabama','alaska','arizona','arkansas'` , `http://www.betterbidding.com/index.php?showtopic=331&`
SAVING HOTEL LIST: `'nevada'` , `http://www.betterbidding.com/index.php?showtopic=85&`
SAVING HOTEL LIST: `'north carolina'` , `http://www.betterbidding.com/index.php?showtopic=94&`
SAVING HOTEL LIST: `'south carolina'` , `http://www.betterbidding.com/index.php?showtopic=245&`
SAVING HOTEL LIST: `'alabama','alaska','arizona','arkansas'` , `http://www.betterbidding.com/index.php?showtopic=331&`
SAVING HOTEL LIST: `'pennsylvania'` , `http://www.betterbidding.com/index.php?showtopic=96&`
SAVING HOTEL LIST: `'utah','vermont'` , `http://www.betterbidding.com/index.php?showtopic=124&`
SAVING HOTEL LIST: `'tennessee'` , `http://www.betterbidding.com/index.php?showtopic=212&`
SAVING HOTEL LIST: `'north dakota'` , `http://www.betterbidding.com/index.php?showtopic=4750&`
SAVING HOTEL LIST: `'montana','nebraska','new hampshire','new mexico'` , `http://www.betterbidding.com/index.php?showtopic=667&`
SAVING HOTEL LIST: `Texas` , `http://www.betterbidding.com/index.php?showtopic=546&`
SAVING HOTEL LIST: `Texas` , `http://www.betterbidding.com/index.php?showtopic=546&`
SAVING HOTEL LIST: `Texas` , `http://www.betterbidding.com/index.php?showtopic=546&`
